Using pre-set license
Built from '2020.3/staging' branch; Version is '2020.3.25f1 (9b9180224418) revision 10195328'; Using compiler version '192528614'; Build Type 'Release'
OS: 'Windows 10  (10.0.19044) 64bit Professional' Language: 'en' Physical Memory: 16297 MB
BatchMode: 1, IsHumanControllingUs: 0, StartBugReporterOnCrash: 0, Is64bit: 1, IsPro: 0

COMMAND LINE ARGUMENTS:
C:\Program Files\Unity\Hub\Editor\2020.3.25f1\Editor\Unity.exe
-adb2
-batchMode
-noUpm
-name
AssetImportWorker0
-projectPath
G:/Da_vinci/3C2022/3CDaVinciJuego
-logFile
Logs/AssetImportWorker0.log
-srvPort
51170
Successfully changed project path to: G:/Da_vinci/3C2022/3CDaVinciJuego
G:/Da_vinci/3C2022/3CDaVinciJuego
Using Asset Import Pipeline V2.
Refreshing native plugins compatible for Editor in 28.22 ms, found 2 plugins.
Preloading 0 native plugins for Editor in 0.00 ms.
Initialize engine version: 2020.3.25f1 (9b9180224418)
[Subsystems] Discovering subsystems at path C:/Program Files/Unity/Hub/Editor/2020.3.25f1/Editor/Data/Resources/UnitySubsystems
[Subsystems] Discovering subsystems at path G:/Da_vinci/3C2022/3CDaVinciJuego/Assets
GfxDevice: creating device client; threaded=0
Direct3D:
    Version:  Direct3D 11.0 [level 11.1]
    Renderer: Radeon RX 580 Series (ID=0x67df)
    Vendor:   
    VRAM:     8171 MB
    Driver:   30.0.13023.4001
Initialize mono
Mono path[0] = 'C:/Program Files/Unity/Hub/Editor/2020.3.25f1/Editor/Data/Managed'
Mono path[1] = 'C:/Program Files/Unity/Hub/Editor/2020.3.25f1/Editor/Data/MonoBleedingEdge/lib/mono/unityjit'
Mono config path = 'C:/Program Files/Unity/Hub/Editor/2020.3.25f1/Editor/Data/MonoBleedingEdge/etc'
Using monoOptions --debugger-agent=transport=dt_socket,embedding=1,server=y,suspend=n,address=127.0.0.1:56460
Begin MonoManager ReloadAssembly
Registering precompiled unity dll's ...
Register platform support module: C:/Program Files/Unity/Hub/Editor/2020.3.25f1/Editor/Data/PlaybackEngines/WindowsStandaloneSupport/UnityEditor.WindowsStandalone.Extensions.dll
Registered in 0.001581 seconds.
Native extension for WindowsStandalone target not found
Refreshing native plugins compatible for Editor in 27.74 ms, found 2 plugins.
Preloading 0 native plugins for Editor in 0.00 ms.
Mono: successfully reloaded assembly
- Completed reload, in  0.508 seconds
Domain Reload Profiling:
	ReloadAssembly (508ms)
		BeginReloadAssembly (46ms)
			ExecutionOrderSort (0ms)
			DisableScriptedObjects (0ms)
			BackupInstance (0ms)
			ReleaseScriptingObjects (0ms)
			CreateAndSetChildDomain (1ms)
		EndReloadAssembly (398ms)
			LoadAssemblies (44ms)
			RebuildTransferFunctionScriptingTraits (0ms)
			SetupTypeCache (138ms)
			ReleaseScriptCaches (0ms)
			RebuildScriptCaches (26ms)
			SetupLoadedEditorAssemblies (142ms)
				LogAssemblyErrors (0ms)
				InitializePlatformSupportModulesInManaged (4ms)
				SetLoadedEditorAssemblies (0ms)
				RefreshPlugins (28ms)
				BeforeProcessingInitializeOnLoad (15ms)
				ProcessInitializeOnLoadAttributes (71ms)
				ProcessInitializeOnLoadMethodAttributes (25ms)
				AfterProcessingInitializeOnLoad (0ms)
				EditorAssembliesLoaded (0ms)
			ExecutionOrderSort2 (0ms)
			AwakeInstancesAfterBackupRestoration (0ms)
Platform modules already initialized, skipping
Registering precompiled user dll's ...
Registered in 0.002905 seconds.
Begin MonoManager ReloadAssembly
Native extension for WindowsStandalone target not found
Refreshing native plugins compatible for Editor in 0.31 ms, found 2 plugins.
Preloading 0 native plugins for Editor in 0.00 ms.
Mono: successfully reloaded assembly
- Completed reload, in  0.883 seconds
Domain Reload Profiling:
	ReloadAssembly (884ms)
		BeginReloadAssembly (124ms)
			ExecutionOrderSort (0ms)
			DisableScriptedObjects (4ms)
			BackupInstance (0ms)
			ReleaseScriptingObjects (0ms)
			CreateAndSetChildDomain (16ms)
		EndReloadAssembly (706ms)
			LoadAssemblies (74ms)
			RebuildTransferFunctionScriptingTraits (0ms)
			SetupTypeCache (250ms)
			ReleaseScriptCaches (0ms)
			RebuildScriptCaches (36ms)
			SetupLoadedEditorAssemblies (264ms)
				LogAssemblyErrors (0ms)
				InitializePlatformSupportModulesInManaged (4ms)
				SetLoadedEditorAssemblies (0ms)
				RefreshPlugins (0ms)
				BeforeProcessingInitializeOnLoad (68ms)
				ProcessInitializeOnLoadAttributes (178ms)
				ProcessInitializeOnLoadMethodAttributes (8ms)
				AfterProcessingInitializeOnLoad (5ms)
				EditorAssembliesLoaded (0ms)
			ExecutionOrderSort2 (0ms)
			AwakeInstancesAfterBackupRestoration (6ms)
Platform modules already initialized, skipping
========================================================================
Worker process is ready to serve import requests
Launched and connected shader compiler UnityShaderCompiler.exe after 0.03 seconds
Refreshing native plugins compatible for Editor in 0.31 ms, found 2 plugins.
Preloading 0 native plugins for Editor in 0.00 ms.
Unloading 1500 Unused Serialized files (Serialized files now loaded: 0)
System memory in use before: 67.4 MB.
System memory in use after: 67.5 MB.

Unloading 19 unused Assets to reduce memory usage. Loaded Objects now: 1932.
Total: 2.424700 ms (FindLiveObjects: 0.125300 ms CreateObjectMapping: 0.045500 ms MarkObjects: 2.204300 ms  DeleteObjects: 0.048800 ms)

AssetImportParameters requested are different than current active one (requested -> active):
  custom:framework-win-MediaFoundation: 216162199b28c13a410421893ffa2e32 -> 
  custom:video-decoder-ogg-theora: a1e56fd34408186e4bbccfd4996cb3dc -> 
  custom:container-muxer-webm: aa71ff27fc2769a1b78a27578f13a17b -> 
  custom:container-demuxer-webm: 4f35f7cbe854078d1ac9338744f61a02 -> 
  custom:container-demuxer-ogg: 62fdf1f143b41e24485cea50d1cbac27 -> 
  custom:video-encoder-webm-vp8: eb34c28f22e8b96e1ab97ce403110664 -> 
  custom:video-decoder-webm-vp8: 9c59270c3fd7afecdb556c50c9e8de78 -> 
  custom:audio-decoder-ogg-vorbis: bf7c407c2cedff20999df2af8eb42d56 -> 
  custom:audio-encoder-webm-vorbis: bf7c407c2cedff20999df2af8eb42d56 -> 
========================================================================
Received Import Request.
  path: Assets
  artifactKey: Guid(00000000000000001000000000000000) Importer(815301076,1909f56bfc062723c751e8b465ee728b)
Start importing Assets using Guid(00000000000000001000000000000000) Importer(815301076,1909f56bfc062723c751e8b465ee728b)  -> (artifact id: '42d402b061de3733987d63b9cc3b64de') in 0.007571 seconds 
  Import took 0.037902 seconds .

========================================================================
Received Import Request.
  Time since last request: 1.931919 seconds.
  path: Assets/Scripts
  artifactKey: Guid(f770fcafcf122c049a40df4fa68a8ce7) Importer(815301076,1909f56bfc062723c751e8b465ee728b)
Start importing Assets/Scripts using Guid(f770fcafcf122c049a40df4fa68a8ce7) Importer(815301076,1909f56bfc062723c751e8b465ee728b)  -> (artifact id: 'accc735f6a170cbc2e8b855871c642e5') in 0.005062 seconds 
  Import took 0.007433 seconds .

========================================================================
Received Import Request.
  Time since last request: 9.665292 seconds.
  path: Assets/Art
  artifactKey: Guid(6d1a29099bae72248a4084688e6a5e1f) Importer(815301076,1909f56bfc062723c751e8b465ee728b)
Start importing Assets/Art using Guid(6d1a29099bae72248a4084688e6a5e1f) Importer(815301076,1909f56bfc062723c751e8b465ee728b)  -> (artifact id: 'b8e59365d6f9ccaf27f90ddb96630e74') in 0.005109 seconds 
  Import took 0.007569 seconds .

========================================================================
Received Import Request.
  Time since last request: 4.767243 seconds.
  path: Assets/Art/Player
  artifactKey: Guid(647b1fa8eeee55343be25cd698f1fedd) Importer(815301076,1909f56bfc062723c751e8b465ee728b)
Start importing Assets/Art/Player using Guid(647b1fa8eeee55343be25cd698f1fedd) Importer(815301076,1909f56bfc062723c751e8b465ee728b)  -> (artifact id: '9f57b7ced3ba78ee0c92df557f40d50e') in 0.005260 seconds 
  Import took 0.021423 seconds .

========================================================================
Received Import Request.
  Time since last request: 10.703399 seconds.
  path: Assets/Art/Player/WorkerJogBackward.fbx
  artifactKey: Guid(6c6b85f9e60072c45aba47dc5fbd3534) Importer(815301076,1909f56bfc062723c751e8b465ee728b)
Start importing Assets/Art/Player/WorkerJogBackward.fbx using Guid(6c6b85f9e60072c45aba47dc5fbd3534) Importer(815301076,1909f56bfc062723c751e8b465ee728b)  -> (artifact id: 'f144e20d1d47c9ab477f6a81f3cfdc98') in 0.058147 seconds 
  Import took 0.060478 seconds .

========================================================================
Received Import Request.
  Time since last request: 0.000133 seconds.
  path: Assets/Art/Player/WorkerJogRight.fbx
  artifactKey: Guid(8f0f5934fd5b2bb479e67eea236d5711) Importer(815301076,1909f56bfc062723c751e8b465ee728b)
Start importing Assets/Art/Player/WorkerJogRight.fbx using Guid(8f0f5934fd5b2bb479e67eea236d5711) Importer(815301076,1909f56bfc062723c751e8b465ee728b)  -> (artifact id: 'ac026384c627623ee13e4fccf3967e53') in 0.008951 seconds 
  Import took 0.011096 seconds .

========================================================================
Received Import Request.
  Time since last request: 0.000196 seconds.
  path: Assets/Art/Player/WorkerJogForward.fbx
  artifactKey: Guid(ff464fcba63316d41897b82323a3a84e) Importer(815301076,1909f56bfc062723c751e8b465ee728b)
Start importing Assets/Art/Player/WorkerJogForward.fbx using Guid(ff464fcba63316d41897b82323a3a84e) Importer(815301076,1909f56bfc062723c751e8b465ee728b)  -> (artifact id: 'a98e83646c49e83495f8319c98d70db9') in 0.008741 seconds 
  Import took 0.011232 seconds .

========================================================================
Received Import Request.
  Time since last request: 0.000222 seconds.
  path: Assets/Art/Player/WorkerJogLeft.fbx
  artifactKey: Guid(93fc3e39c442b1347af3778275ed8218) Importer(815301076,1909f56bfc062723c751e8b465ee728b)
Start importing Assets/Art/Player/WorkerJogLeft.fbx using Guid(93fc3e39c442b1347af3778275ed8218) Importer(815301076,1909f56bfc062723c751e8b465ee728b)  -> (artifact id: 'a3e09e07968b7dbf8ee7256815d5ba01') in 0.009733 seconds 
  Import took 0.012322 seconds .

========================================================================
Received Import Request.
  Time since last request: 0.000142 seconds.
  path: Assets/Art/Player/WorkerTPose.fbx
  artifactKey: Guid(743b814938e379f4fb557c6c29347b2d) Importer(815301076,1909f56bfc062723c751e8b465ee728b)
Start importing Assets/Art/Player/WorkerTPose.fbx using Guid(743b814938e379f4fb557c6c29347b2d) Importer(815301076,1909f56bfc062723c751e8b465ee728b)  -> (artifact id: '62f7380db36be79b656ceab1e730434d') in 0.735300 seconds 
  Import took 0.737806 seconds .

========================================================================
Received Import Request.
  Time since last request: 53.996289 seconds.
  path: Assets/Art/Materials
  artifactKey: Guid(9bf100f83238cd6408ef65019a63d34d) Importer(815301076,1909f56bfc062723c751e8b465ee728b)
Start importing Assets/Art/Materials using Guid(9bf100f83238cd6408ef65019a63d34d) Importer(815301076,1909f56bfc062723c751e8b465ee728b)  -> (artifact id: '153e66ed2cac8438ec1d8a13ec928c68') in 0.005125 seconds 
  Import took 0.007759 seconds .

========================================================================
Received Import Request.
  Time since last request: 6.402953 seconds.
  path: Assets/Art/Materials/Floor.mat
  artifactKey: Guid(62debda2968a6b54d9e18f269038d4e5) Importer(815301076,1909f56bfc062723c751e8b465ee728b)
Start importing Assets/Art/Materials/Floor.mat using Guid(62debda2968a6b54d9e18f269038d4e5) Importer(815301076,1909f56bfc062723c751e8b465ee728b)  -> (artifact id: '6b820b96c0f6ad88836c39377fa79e40') in 0.050202 seconds 
  Import took 0.052672 seconds .

========================================================================
Received Import Request.
  Time since last request: 41.963268 seconds.
  path: Assets/Art/Player/Materials
  artifactKey: Guid(054bcab083a19fc4385125af177f9539) Importer(815301076,1909f56bfc062723c751e8b465ee728b)
Start importing Assets/Art/Player/Materials using Guid(054bcab083a19fc4385125af177f9539) Importer(815301076,1909f56bfc062723c751e8b465ee728b)  -> (artifact id: 'bd32f0c4feb91d0bb83201f98671afef') in 0.001563 seconds 
  Import took 0.003999 seconds .

========================================================================
Received Import Request.
  Time since last request: 4.996434 seconds.
  path: Assets/Art/Player/Textures
  artifactKey: Guid(02d6b9d66c55a7b46a5ffb6dbb8737ee) Importer(815301076,1909f56bfc062723c751e8b465ee728b)
Start importing Assets/Art/Player/Textures using Guid(02d6b9d66c55a7b46a5ffb6dbb8737ee) Importer(815301076,1909f56bfc062723c751e8b465ee728b)  -> (artifact id: 'c843f91b20475efa6501464c7c4919d2') in 0.005026 seconds 
  Import took 0.007649 seconds .

========================================================================
Received Import Request.
  Time since last request: 13.857775 seconds.
  path: Assets/Art/Player/WorkerTPose.fbx
  artifactKey: Guid(743b814938e379f4fb557c6c29347b2d) Importer(815301076,1909f56bfc062723c751e8b465ee728b)
Start importing Assets/Art/Player/WorkerTPose.fbx using Guid(743b814938e379f4fb557c6c29347b2d) Importer(815301076,1909f56bfc062723c751e8b465ee728b)  -> (artifact id: '48748eb8ecb0363d0f53e9f07289d6db') in 0.104306 seconds 
  Import took 0.107370 seconds .

========================================================================
Received Import Request.
  Time since last request: 6.780804 seconds.
  path: Assets/Art/Player/WorkerTPose.fbx
  artifactKey: Guid(743b814938e379f4fb557c6c29347b2d) Importer(815301076,1909f56bfc062723c751e8b465ee728b)
Start importing Assets/Art/Player/WorkerTPose.fbx using Guid(743b814938e379f4fb557c6c29347b2d) Importer(815301076,1909f56bfc062723c751e8b465ee728b)  -> (artifact id: '759ea2432cdbfa0ed55c5bbf8a2a1f9b') in 0.095014 seconds 
  Import took 0.098409 seconds .

========================================================================
Received Import Request.
  Time since last request: 1.232550 seconds.
  path: Assets/Art/Player/Materials/Ch17_body.mat
  artifactKey: Guid(4e72f3460b0fff84984bbec0cafa8acc) Importer(815301076,1909f56bfc062723c751e8b465ee728b)
Start importing Assets/Art/Player/Materials/Ch17_body.mat using Guid(4e72f3460b0fff84984bbec0cafa8acc) Importer(815301076,1909f56bfc062723c751e8b465ee728b)  -> (artifact id: '95b7e80143f14e4f464ebeb83edb7873') in 0.016532 seconds 
  Import took 0.018901 seconds .

========================================================================
Received Import Request.
  Time since last request: 0.000254 seconds.
  path: Assets/Art/Player/Materials/Ch17_hair.mat
  artifactKey: Guid(8a2b874e386a20345b2f91a7176f15bb) Importer(815301076,1909f56bfc062723c751e8b465ee728b)
Start importing Assets/Art/Player/Materials/Ch17_hair.mat using Guid(8a2b874e386a20345b2f91a7176f15bb) Importer(815301076,1909f56bfc062723c751e8b465ee728b)  -> (artifact id: '0aa659dd6b4d2521c5ab73d2f1357ae4') in 0.032337 seconds 
  Import took 0.034562 seconds .

========================================================================
Received Import Request.
  Time since last request: 135.230673 seconds.
  path: Assets/Scenes
  artifactKey: Guid(2989496a70a033f4393a20fb8eb85205) Importer(815301076,1909f56bfc062723c751e8b465ee728b)
Start importing Assets/Scenes using Guid(2989496a70a033f4393a20fb8eb85205) Importer(815301076,1909f56bfc062723c751e8b465ee728b)  -> (artifact id: '70bdd683041008fb572ac690becf58b6') in 0.005286 seconds 
  Import took 0.007639 seconds .

========================================================================
Received Import Request.
  Time since last request: 1.098761 seconds.
  path: Assets/Scenes/SampleScene1.unity
  artifactKey: Guid(a1f7a549820e73a408d611ffd903fd54) Importer(815301076,1909f56bfc062723c751e8b465ee728b)
Start importing Assets/Scenes/SampleScene1.unity using Guid(a1f7a549820e73a408d611ffd903fd54) Importer(815301076,1909f56bfc062723c751e8b465ee728b)  -> (artifact id: '9db2746e85f2e3f46f14cab70dcdd983') in 0.005733 seconds 
  Import took 0.008106 seconds .

========================================================================
Received Import Request.
  Time since last request: 125.312599 seconds.
  path: Assets/Scenes/SampleScene.unity
  artifactKey: Guid(9fc0d4010bbf28b4594072e72b8655ab) Importer(815301076,1909f56bfc062723c751e8b465ee728b)
Start importing Assets/Scenes/SampleScene.unity using Guid(9fc0d4010bbf28b4594072e72b8655ab) Importer(815301076,1909f56bfc062723c751e8b465ee728b)  -> (artifact id: '34066f680ac5327ec75eefa36be0f341') in 0.005521 seconds 
  Import took 0.007888 seconds .

========================================================================
Received Import Request.
  Time since last request: 57.942403 seconds.
  path: Assets/Art/Prefabs
  artifactKey: Guid(e6dbcebaa905c85418944a74c3f4acca) Importer(815301076,1909f56bfc062723c751e8b465ee728b)
Start importing Assets/Art/Prefabs using Guid(e6dbcebaa905c85418944a74c3f4acca) Importer(815301076,1909f56bfc062723c751e8b465ee728b)  -> (artifact id: 'c087054ea327882d9ad06c22dc032f00') in 0.006089 seconds 
  Import took 0.008559 seconds .

========================================================================
Received Import Request.
  Time since last request: 0.063091 seconds.
  path: Assets/Art/Prefabs/Cube.prefab
  artifactKey: Guid(818678797cbda1e4bbe7acef779a49d9) Importer(815301076,1909f56bfc062723c751e8b465ee728b)
Start importing Assets/Art/Prefabs/Cube.prefab using Guid(818678797cbda1e4bbe7acef779a49d9) Importer(815301076,1909f56bfc062723c751e8b465ee728b)  -> (artifact id: '2aab1bcd3c77d4a5a51f35bb515ca40c') in 0.013886 seconds 
  Import took 0.016206 seconds .

========================================================================
Received Import Request.
  Time since last request: 0.000192 seconds.
  path: Assets/Art/Prefabs/Player(mov) 1.prefab
  artifactKey: Guid(c71f51983f966894c8e504c9fc80b01f) Importer(815301076,1909f56bfc062723c751e8b465ee728b)
Start importing Assets/Art/Prefabs/Player(mov) 1.prefab using Guid(c71f51983f966894c8e504c9fc80b01f) Importer(815301076,1909f56bfc062723c751e8b465ee728b)  -> (artifact id: '327567099726d5ca4b1a9751d38f825e') in 0.006694 seconds 
  Import took 0.008821 seconds .

========================================================================
Received Import Request.
  Time since last request: 50.403533 seconds.
  path: Assets/Art/Prefabs/WorkerTpose.fbx
  artifactKey: Guid(ba547fac488674843b5c6637ea38f07a) Importer(815301076,1909f56bfc062723c751e8b465ee728b)
Start importing Assets/Art/Prefabs/WorkerTpose.fbx using Guid(ba547fac488674843b5c6637ea38f07a) Importer(815301076,1909f56bfc062723c751e8b465ee728b)  -> (artifact id: 'fc85382c6a596da71270bf7d2b2676c8') in 0.094950 seconds 
  Import took 0.098201 seconds .

========================================================================
Received Import Request.
  Time since last request: 31.500765 seconds.
  path: Assets/Art/PJ
  artifactKey: Guid(6c4e76ebe425a984c8afc300fd4b6d34) Importer(815301076,1909f56bfc062723c751e8b465ee728b)
Start importing Assets/Art/PJ using Guid(6c4e76ebe425a984c8afc300fd4b6d34) Importer(815301076,1909f56bfc062723c751e8b465ee728b)  -> (artifact id: '65c99145cdeac744e85563d93afc5385') in 0.005716 seconds 
  Import took 0.008166 seconds .

========================================================================
Received Import Request.
  Time since last request: 88.406157 seconds.
  path: Assets/Art/Player/WorkerTPose.fbx
  artifactKey: Guid(743b814938e379f4fb557c6c29347b2d) Importer(815301076,1909f56bfc062723c751e8b465ee728b)
Start importing Assets/Art/Player/WorkerTPose.fbx using Guid(743b814938e379f4fb557c6c29347b2d) Importer(815301076,1909f56bfc062723c751e8b465ee728b)  -> (artifact id: 'c46279441f254e917e660cfd6a5449e7') in 0.093166 seconds 
  Import took 0.096614 seconds .

========================================================================
Received Import Request.
  Time since last request: 13486.289339 seconds.
  path: Assets/Art/Player/WorkerJogRight.fbx
  artifactKey: Guid(8f0f5934fd5b2bb479e67eea236d5711) Importer(815301076,1909f56bfc062723c751e8b465ee728b)
Start importing Assets/Art/Player/WorkerJogRight.fbx using Guid(8f0f5934fd5b2bb479e67eea236d5711) Importer(815301076,1909f56bfc062723c751e8b465ee728b)  -> (artifact id: '66f91bb5286fc2f8c61e7e4523c0cf5b') in 0.006781 seconds 
  Import took 0.009818 seconds .

========================================================================
Received Import Request.
  Time since last request: 9.877726 seconds.
  path: Assets/Art/Player/WorkerJogLeft.fbx
  artifactKey: Guid(93fc3e39c442b1347af3778275ed8218) Importer(815301076,1909f56bfc062723c751e8b465ee728b)
Start importing Assets/Art/Player/WorkerJogLeft.fbx using Guid(93fc3e39c442b1347af3778275ed8218) Importer(815301076,1909f56bfc062723c751e8b465ee728b)  -> (artifact id: '929676633d2e4bf184f37dcf1320dd36') in 0.006271 seconds 
  Import took 0.008855 seconds .

========================================================================
Received Import Request.
  Time since last request: 10.814412 seconds.
  path: Assets/Art/Player/WorkerJogForward.fbx
  artifactKey: Guid(ff464fcba63316d41897b82323a3a84e) Importer(815301076,1909f56bfc062723c751e8b465ee728b)
Start importing Assets/Art/Player/WorkerJogForward.fbx using Guid(ff464fcba63316d41897b82323a3a84e) Importer(815301076,1909f56bfc062723c751e8b465ee728b)  -> (artifact id: '086d84240457b6d457f3b9441ece3a03') in 0.006230 seconds 
  Import took 0.009422 seconds .

========================================================================
Received Import Request.
  Time since last request: 8.903538 seconds.
  path: Assets/Art/Player/WorkerJogBackward.fbx
  artifactKey: Guid(6c6b85f9e60072c45aba47dc5fbd3534) Importer(815301076,1909f56bfc062723c751e8b465ee728b)
Start importing Assets/Art/Player/WorkerJogBackward.fbx using Guid(6c6b85f9e60072c45aba47dc5fbd3534) Importer(815301076,1909f56bfc062723c751e8b465ee728b)  -> (artifact id: 'bd7e5d6a6477215fc9ca6d489288b4f1') in 0.005816 seconds 
  Import took 0.008414 seconds .

========================================================================
Received Import Request.
  Time since last request: 57.659428 seconds.
  path: Assets/Art/Player/WorkerAnimationController.controller
  artifactKey: Guid(a82052af7a0b6cc47be2fa28986aa3f8) Importer(815301076,1909f56bfc062723c751e8b465ee728b)
Start importing Assets/Art/Player/WorkerAnimationController.controller using Guid(a82052af7a0b6cc47be2fa28986aa3f8) Importer(815301076,1909f56bfc062723c751e8b465ee728b)  -> (artifact id: 'a7160954c2e34277875f4b56e129656f') in 0.007391 seconds 
  Import took 0.009858 seconds .

========================================================================
Received Import Request.
  Time since last request: 54.903492 seconds.
  path: Assets/Art/Player/WorkerJogRight.fbx
  artifactKey: Guid(8f0f5934fd5b2bb479e67eea236d5711) Importer(815301076,1909f56bfc062723c751e8b465ee728b)
Start importing Assets/Art/Player/WorkerJogRight.fbx using Guid(8f0f5934fd5b2bb479e67eea236d5711) Importer(815301076,1909f56bfc062723c751e8b465ee728b)  -> (artifact id: 'd9ec33540e11ca6f9f85deabf791a3a1') in 0.006484 seconds 
  Import took 0.009041 seconds .

========================================================================
Received Import Request.
  Time since last request: 4.045155 seconds.
  path: Assets/Art/Player/WorkerJogLeft.fbx
  artifactKey: Guid(93fc3e39c442b1347af3778275ed8218) Importer(815301076,1909f56bfc062723c751e8b465ee728b)
Start importing Assets/Art/Player/WorkerJogLeft.fbx using Guid(93fc3e39c442b1347af3778275ed8218) Importer(815301076,1909f56bfc062723c751e8b465ee728b)  -> (artifact id: '95059c40ec16bb9d1e67d99ba9968234') in 0.005899 seconds 
  Import took 0.008871 seconds .

========================================================================
Received Import Request.
  Time since last request: 2.730951 seconds.
  path: Assets/Art/Player/WorkerJogForward.fbx
  artifactKey: Guid(ff464fcba63316d41897b82323a3a84e) Importer(815301076,1909f56bfc062723c751e8b465ee728b)
Start importing Assets/Art/Player/WorkerJogForward.fbx using Guid(ff464fcba63316d41897b82323a3a84e) Importer(815301076,1909f56bfc062723c751e8b465ee728b)  -> (artifact id: '0ef61a03cbda05ccb5145b488d99932f') in 0.005627 seconds 
  Import took 0.008277 seconds .

========================================================================
Received Import Request.
  Time since last request: 1.855152 seconds.
  path: Assets/Art/Player/WorkerJogBackward.fbx
  artifactKey: Guid(6c6b85f9e60072c45aba47dc5fbd3534) Importer(815301076,1909f56bfc062723c751e8b465ee728b)
Start importing Assets/Art/Player/WorkerJogBackward.fbx using Guid(6c6b85f9e60072c45aba47dc5fbd3534) Importer(815301076,1909f56bfc062723c751e8b465ee728b)  -> (artifact id: 'dac36f60d7620a31defbce24e848c2d9') in 0.005695 seconds 
  Import took 0.008267 seconds .

========================================================================
Received Import Request.
  Time since last request: 230.432287 seconds.
  path: Assets/Art/Player/WorkerIdleStreaching.fbx
  artifactKey: Guid(60f65f4d83d2b9847abbeea8c6d754fd) Importer(815301076,1909f56bfc062723c751e8b465ee728b)
Start importing Assets/Art/Player/WorkerIdleStreaching.fbx using Guid(60f65f4d83d2b9847abbeea8c6d754fd) Importer(815301076,1909f56bfc062723c751e8b465ee728b)  -> (artifact id: '9e12c8a09ad7d0d017f907a586aa041e') in 0.010224 seconds 
  Import took 0.012839 seconds .

========================================================================
Received Import Request.
  Time since last request: 17.756608 seconds.
  path: Assets/Art/Player/WorkerIdleStreaching.fbx
  artifactKey: Guid(60f65f4d83d2b9847abbeea8c6d754fd) Importer(815301076,1909f56bfc062723c751e8b465ee728b)
Start importing Assets/Art/Player/WorkerIdleStreaching.fbx using Guid(60f65f4d83d2b9847abbeea8c6d754fd) Importer(815301076,1909f56bfc062723c751e8b465ee728b)  -> (artifact id: 'dd808e45f66f97a162350ca3b88634c3') in 0.006977 seconds 
  Import took 0.009694 seconds .

========================================================================
Received Prepare
Registering precompiled user dll's ...
Registered in 0.003026 seconds.
Begin MonoManager ReloadAssembly
Native extension for WindowsStandalone target not found
Refreshing native plugins compatible for Editor in 0.32 ms, found 2 plugins.
Preloading 0 native plugins for Editor in 0.00 ms.
Mono: successfully reloaded assembly
- Completed reload, in  0.828 seconds
Domain Reload Profiling:
	ReloadAssembly (828ms)
		BeginReloadAssembly (93ms)
			ExecutionOrderSort (0ms)
			DisableScriptedObjects (4ms)
			BackupInstance (0ms)
			ReleaseScriptingObjects (0ms)
			CreateAndSetChildDomain (31ms)
		EndReloadAssembly (681ms)
			LoadAssemblies (73ms)
			RebuildTransferFunctionScriptingTraits (0ms)
			SetupTypeCache (248ms)
			ReleaseScriptCaches (1ms)
			RebuildScriptCaches (32ms)
			SetupLoadedEditorAssemblies (243ms)
				LogAssemblyErrors (0ms)
				InitializePlatformSupportModulesInManaged (4ms)
				SetLoadedEditorAssemblies (0ms)
				RefreshPlugins (0ms)
				BeforeProcessingInitializeOnLoad (62ms)
				ProcessInitializeOnLoadAttributes (163ms)
				ProcessInitializeOnLoadMethodAttributes (8ms)
				AfterProcessingInitializeOnLoad (5ms)
				EditorAssembliesLoaded (0ms)
			ExecutionOrderSort2 (0ms)
			AwakeInstancesAfterBackupRestoration (6ms)
Platform modules already initialized, skipping
Refreshing native plugins compatible for Editor in 0.34 ms, found 2 plugins.
Preloading 0 native plugins for Editor in 0.00 ms.
Unloading 1497 Unused Serialized files (Serialized files now loaded: 0)
System memory in use before: 84.7 MB.
System memory in use after: 84.8 MB.

Unloading 14 unused Assets to reduce memory usage. Loaded Objects now: 1983.
Total: 2.306500 ms (FindLiveObjects: 0.150300 ms CreateObjectMapping: 0.041100 ms MarkObjects: 2.102200 ms  DeleteObjects: 0.012000 ms)

AssetImportParameters requested are different than current active one (requested -> active):
  custom:framework-win-MediaFoundation: 216162199b28c13a410421893ffa2e32 -> 
  custom:video-decoder-ogg-theora: a1e56fd34408186e4bbccfd4996cb3dc -> 
  custom:container-muxer-webm: aa71ff27fc2769a1b78a27578f13a17b -> 
  custom:container-demuxer-webm: 4f35f7cbe854078d1ac9338744f61a02 -> 
  custom:container-demuxer-ogg: 62fdf1f143b41e24485cea50d1cbac27 -> 
  custom:video-encoder-webm-vp8: eb34c28f22e8b96e1ab97ce403110664 -> 
  custom:video-decoder-webm-vp8: 9c59270c3fd7afecdb556c50c9e8de78 -> 
  custom:audio-decoder-ogg-vorbis: bf7c407c2cedff20999df2af8eb42d56 -> 
  custom:audio-encoder-webm-vorbis: bf7c407c2cedff20999df2af8eb42d56 -> 
========================================================================
Received Import Request.
  Time since last request: 216.432150 seconds.
  path: Assets/Scripts/Player
  artifactKey: Guid(a294f59d9ff70434fbd0f61e7dda6011) Importer(815301076,1909f56bfc062723c751e8b465ee728b)
Start importing Assets/Scripts/Player using Guid(a294f59d9ff70434fbd0f61e7dda6011) Importer(815301076,1909f56bfc062723c751e8b465ee728b)  -> (artifact id: '2a03f8992199cfb7d4cd1f0b5b812aab') in 0.008327 seconds 
  Import took 0.010898 seconds .

========================================================================
Received Import Request.
  Time since last request: 3.305245 seconds.
  path: Assets/Scripts/PlayerTowerRotation.cs
  artifactKey: Guid(1c624d86761e2614385e901c107e7b73) Importer(815301076,1909f56bfc062723c751e8b465ee728b)
Start importing Assets/Scripts/PlayerTowerRotation.cs using Guid(1c624d86761e2614385e901c107e7b73) Importer(815301076,1909f56bfc062723c751e8b465ee728b)  -> (artifact id: 'e0e98bded2343cfaaec3787b55ea2fc8') in 0.007910 seconds 
  Import took 0.010551 seconds .

========================================================================
Received Import Request.
  Time since last request: 0.566890 seconds.
  path: Assets/Scripts/PlayerView.cs
  artifactKey: Guid(3b34206a4f61cfa4b9c63328bf6a1067) Importer(815301076,1909f56bfc062723c751e8b465ee728b)
Start importing Assets/Scripts/PlayerView.cs using Guid(3b34206a4f61cfa4b9c63328bf6a1067) Importer(815301076,1909f56bfc062723c751e8b465ee728b)  -> (artifact id: '844b3adedd97cde8dace421c80169881') in 0.004971 seconds 
  Import took 0.007683 seconds .

========================================================================
Received Import Request.
  Time since last request: 0.475796 seconds.
  path: Assets/Scripts/PlayerMovement.cs
  artifactKey: Guid(015d4608e520a0d41849fc1bde6014cc) Importer(815301076,1909f56bfc062723c751e8b465ee728b)
Start importing Assets/Scripts/PlayerMovement.cs using Guid(015d4608e520a0d41849fc1bde6014cc) Importer(815301076,1909f56bfc062723c751e8b465ee728b)  -> (artifact id: 'd2fe2be51a1c00b72b906d1ff2960cb0') in 0.005180 seconds 
  Import took 0.007762 seconds .

========================================================================
Received Prepare
Registering precompiled user dll's ...
Registered in 0.002853 seconds.
Begin MonoManager ReloadAssembly
Native extension for WindowsStandalone target not found
Refreshing native plugins compatible for Editor in 0.33 ms, found 2 plugins.
Preloading 0 native plugins for Editor in 0.00 ms.
Mono: successfully reloaded assembly
- Completed reload, in  0.823 seconds
Domain Reload Profiling:
	ReloadAssembly (824ms)
		BeginReloadAssembly (89ms)
			ExecutionOrderSort (0ms)
			DisableScriptedObjects (4ms)
			BackupInstance (0ms)
			ReleaseScriptingObjects (0ms)
			CreateAndSetChildDomain (28ms)
		EndReloadAssembly (682ms)
			LoadAssemblies (73ms)
			RebuildTransferFunctionScriptingTraits (0ms)
			SetupTypeCache (249ms)
			ReleaseScriptCaches (1ms)
			RebuildScriptCaches (33ms)
			SetupLoadedEditorAssemblies (243ms)
				LogAssemblyErrors (0ms)
				InitializePlatformSupportModulesInManaged (4ms)
				SetLoadedEditorAssemblies (0ms)
				RefreshPlugins (0ms)
				BeforeProcessingInitializeOnLoad (62ms)
				ProcessInitializeOnLoadAttributes (163ms)
				ProcessInitializeOnLoadMethodAttributes (8ms)
				AfterProcessingInitializeOnLoad (5ms)
				EditorAssembliesLoaded (0ms)
			ExecutionOrderSort2 (0ms)
			AwakeInstancesAfterBackupRestoration (6ms)
Platform modules already initialized, skipping
Refreshing native plugins compatible for Editor in 0.32 ms, found 2 plugins.
Preloading 0 native plugins for Editor in 0.00 ms.
Unloading 1497 Unused Serialized files (Serialized files now loaded: 0)
System memory in use before: 84.7 MB.
System memory in use after: 84.8 MB.

Unloading 14 unused Assets to reduce memory usage. Loaded Objects now: 1985.
Total: 2.309000 ms (FindLiveObjects: 0.135900 ms CreateObjectMapping: 0.047700 ms MarkObjects: 2.111400 ms  DeleteObjects: 0.013000 ms)

AssetImportParameters requested are different than current active one (requested -> active):
  custom:framework-win-MediaFoundation: 216162199b28c13a410421893ffa2e32 -> 
  custom:video-decoder-ogg-theora: a1e56fd34408186e4bbccfd4996cb3dc -> 
  custom:container-muxer-webm: aa71ff27fc2769a1b78a27578f13a17b -> 
  custom:container-demuxer-webm: 4f35f7cbe854078d1ac9338744f61a02 -> 
  custom:container-demuxer-ogg: 62fdf1f143b41e24485cea50d1cbac27 -> 
  custom:video-encoder-webm-vp8: eb34c28f22e8b96e1ab97ce403110664 -> 
  custom:video-decoder-webm-vp8: 9c59270c3fd7afecdb556c50c9e8de78 -> 
  custom:audio-decoder-ogg-vorbis: bf7c407c2cedff20999df2af8eb42d56 -> 
  custom:audio-encoder-webm-vorbis: bf7c407c2cedff20999df2af8eb42d56 -> 
========================================================================
Received Prepare
Registering precompiled user dll's ...
Registered in 0.002887 seconds.
Begin MonoManager ReloadAssembly
Native extension for WindowsStandalone target not found
Refreshing native plugins compatible for Editor in 0.31 ms, found 2 plugins.
Preloading 0 native plugins for Editor in 0.00 ms.
Mono: successfully reloaded assembly
- Completed reload, in  0.826 seconds
Domain Reload Profiling:
	ReloadAssembly (827ms)
		BeginReloadAssembly (91ms)
			ExecutionOrderSort (0ms)
			DisableScriptedObjects (4ms)
			BackupInstance (0ms)
			ReleaseScriptingObjects (0ms)
			CreateAndSetChildDomain (30ms)
		EndReloadAssembly (682ms)
			LoadAssemblies (74ms)
			RebuildTransferFunctionScriptingTraits (0ms)
			SetupTypeCache (247ms)
			ReleaseScriptCaches (1ms)
			RebuildScriptCaches (34ms)
			SetupLoadedEditorAssemblies (245ms)
				LogAssemblyErrors (0ms)
				InitializePlatformSupportModulesInManaged (4ms)
				SetLoadedEditorAssemblies (0ms)
				RefreshPlugins (0ms)
				BeforeProcessingInitializeOnLoad (62ms)
				ProcessInitializeOnLoadAttributes (165ms)
				ProcessInitializeOnLoadMethodAttributes (8ms)
				AfterProcessingInitializeOnLoad (5ms)
				EditorAssembliesLoaded (0ms)
			ExecutionOrderSort2 (0ms)
			AwakeInstancesAfterBackupRestoration (6ms)
Platform modules already initialized, skipping
Refreshing native plugins compatible for Editor in 0.33 ms, found 2 plugins.
Preloading 0 native plugins for Editor in 0.00 ms.
Unloading 1497 Unused Serialized files (Serialized files now loaded: 0)
System memory in use before: 84.7 MB.
System memory in use after: 84.8 MB.

Unloading 14 unused Assets to reduce memory usage. Loaded Objects now: 1987.
Total: 2.734400 ms (FindLiveObjects: 0.146300 ms CreateObjectMapping: 0.047900 ms MarkObjects: 2.517600 ms  DeleteObjects: 0.021600 ms)

AssetImportParameters requested are different than current active one (requested -> active):
  custom:framework-win-MediaFoundation: 216162199b28c13a410421893ffa2e32 -> 
  custom:video-decoder-ogg-theora: a1e56fd34408186e4bbccfd4996cb3dc -> 
  custom:container-muxer-webm: aa71ff27fc2769a1b78a27578f13a17b -> 
  custom:container-demuxer-webm: 4f35f7cbe854078d1ac9338744f61a02 -> 
  custom:container-demuxer-ogg: 62fdf1f143b41e24485cea50d1cbac27 -> 
  custom:video-encoder-webm-vp8: eb34c28f22e8b96e1ab97ce403110664 -> 
  custom:video-decoder-webm-vp8: 9c59270c3fd7afecdb556c50c9e8de78 -> 
  custom:audio-decoder-ogg-vorbis: bf7c407c2cedff20999df2af8eb42d56 -> 
  custom:audio-encoder-webm-vorbis: bf7c407c2cedff20999df2af8eb42d56 -> 
========================================================================
Received Prepare
Registering precompiled user dll's ...
Registered in 0.002947 seconds.
Begin MonoManager ReloadAssembly
Native extension for WindowsStandalone target not found
Refreshing native plugins compatible for Editor in 0.34 ms, found 2 plugins.
Preloading 0 native plugins for Editor in 0.00 ms.
Mono: successfully reloaded assembly
- Completed reload, in  0.822 seconds
Domain Reload Profiling:
	ReloadAssembly (823ms)
		BeginReloadAssembly (88ms)
			ExecutionOrderSort (0ms)
			DisableScriptedObjects (4ms)
			BackupInstance (0ms)
			ReleaseScriptingObjects (0ms)
			CreateAndSetChildDomain (27ms)
		EndReloadAssembly (683ms)
			LoadAssemblies (72ms)
			RebuildTransferFunctionScriptingTraits (0ms)
			SetupTypeCache (244ms)
			ReleaseScriptCaches (1ms)
			RebuildScriptCaches (33ms)
			SetupLoadedEditorAssemblies (248ms)
				LogAssemblyErrors (0ms)
				InitializePlatformSupportModulesInManaged (4ms)
				SetLoadedEditorAssemblies (0ms)
				RefreshPlugins (0ms)
				BeforeProcessingInitializeOnLoad (62ms)
				ProcessInitializeOnLoadAttributes (168ms)
				ProcessInitializeOnLoadMethodAttributes (8ms)
				AfterProcessingInitializeOnLoad (5ms)
				EditorAssembliesLoaded (0ms)
			ExecutionOrderSort2 (0ms)
			AwakeInstancesAfterBackupRestoration (6ms)
Platform modules already initialized, skipping
Refreshing native plugins compatible for Editor in 0.32 ms, found 2 plugins.
Preloading 0 native plugins for Editor in 0.00 ms.
Unloading 1497 Unused Serialized files (Serialized files now loaded: 0)
System memory in use before: 84.7 MB.
System memory in use after: 84.8 MB.

Unloading 14 unused Assets to reduce memory usage. Loaded Objects now: 1989.
Total: 2.582300 ms (FindLiveObjects: 0.127100 ms CreateObjectMapping: 0.045500 ms MarkObjects: 2.393600 ms  DeleteObjects: 0.015400 ms)

AssetImportParameters requested are different than current active one (requested -> active):
  custom:framework-win-MediaFoundation: 216162199b28c13a410421893ffa2e32 -> 
  custom:video-decoder-ogg-theora: a1e56fd34408186e4bbccfd4996cb3dc -> 
  custom:container-muxer-webm: aa71ff27fc2769a1b78a27578f13a17b -> 
  custom:container-demuxer-webm: 4f35f7cbe854078d1ac9338744f61a02 -> 
  custom:container-demuxer-ogg: 62fdf1f143b41e24485cea50d1cbac27 -> 
  custom:video-encoder-webm-vp8: eb34c28f22e8b96e1ab97ce403110664 -> 
  custom:video-decoder-webm-vp8: 9c59270c3fd7afecdb556c50c9e8de78 -> 
  custom:audio-decoder-ogg-vorbis: bf7c407c2cedff20999df2af8eb42d56 -> 
  custom:audio-encoder-webm-vorbis: bf7c407c2cedff20999df2af8eb42d56 -> 
========================================================================
Received Prepare
Registering precompiled user dll's ...
Registered in 0.003134 seconds.
Begin MonoManager ReloadAssembly
Native extension for WindowsStandalone target not found
Refreshing native plugins compatible for Editor in 0.32 ms, found 2 plugins.
Preloading 0 native plugins for Editor in 0.00 ms.
Mono: successfully reloaded assembly
- Completed reload, in  0.850 seconds
Domain Reload Profiling:
	ReloadAssembly (851ms)
		BeginReloadAssembly (105ms)
			ExecutionOrderSort (0ms)
			DisableScriptedObjects (4ms)
			BackupInstance (0ms)
			ReleaseScriptingObjects (0ms)
			CreateAndSetChildDomain (29ms)
		EndReloadAssembly (691ms)
			LoadAssemblies (76ms)
			RebuildTransferFunctionScriptingTraits (0ms)
			SetupTypeCache (244ms)
			ReleaseScriptCaches (1ms)
			RebuildScriptCaches (33ms)
			SetupLoadedEditorAssemblies (248ms)
				LogAssemblyErrors (0ms)
				InitializePlatformSupportModulesInManaged (4ms)
				SetLoadedEditorAssemblies (0ms)
				RefreshPlugins (0ms)
				BeforeProcessingInitializeOnLoad (62ms)
				ProcessInitializeOnLoadAttributes (168ms)
				ProcessInitializeOnLoadMethodAttributes (8ms)
				AfterProcessingInitializeOnLoad (5ms)
				EditorAssembliesLoaded (0ms)
			ExecutionOrderSort2 (0ms)
			AwakeInstancesAfterBackupRestoration (6ms)
Platform modules already initialized, skipping
Refreshing native plugins compatible for Editor in 0.32 ms, found 2 plugins.
Preloading 0 native plugins for Editor in 0.00 ms.
Unloading 1497 Unused Serialized files (Serialized files now loaded: 0)
System memory in use before: 84.7 MB.
System memory in use after: 84.8 MB.

Unloading 14 unused Assets to reduce memory usage. Loaded Objects now: 1991.
Total: 2.390500 ms (FindLiveObjects: 0.167100 ms CreateObjectMapping: 0.054900 ms MarkObjects: 2.155000 ms  DeleteObjects: 0.012800 ms)

AssetImportParameters requested are different than current active one (requested -> active):
  custom:framework-win-MediaFoundation: 216162199b28c13a410421893ffa2e32 -> 
  custom:video-decoder-ogg-theora: a1e56fd34408186e4bbccfd4996cb3dc -> 
  custom:container-muxer-webm: aa71ff27fc2769a1b78a27578f13a17b -> 
  custom:container-demuxer-webm: 4f35f7cbe854078d1ac9338744f61a02 -> 
  custom:container-demuxer-ogg: 62fdf1f143b41e24485cea50d1cbac27 -> 
  custom:video-encoder-webm-vp8: eb34c28f22e8b96e1ab97ce403110664 -> 
  custom:video-decoder-webm-vp8: 9c59270c3fd7afecdb556c50c9e8de78 -> 
  custom:audio-decoder-ogg-vorbis: bf7c407c2cedff20999df2af8eb42d56 -> 
  custom:audio-encoder-webm-vorbis: bf7c407c2cedff20999df2af8eb42d56 -> 
========================================================================
Received Import Request.
  Time since last request: 1083.350323 seconds.
  path: Assets/Art/Player/WorkerJogDiagonalBackwardLeft.fbx
  artifactKey: Guid(f632e92a8c8669b4987e347b47a2c85f) Importer(815301076,1909f56bfc062723c751e8b465ee728b)
Start importing Assets/Art/Player/WorkerJogDiagonalBackwardLeft.fbx using Guid(f632e92a8c8669b4987e347b47a2c85f) Importer(815301076,1909f56bfc062723c751e8b465ee728b)  -> (artifact id: '06917fdc3ce028b6e1fea868f2bbdbc2') in 0.026595 seconds 
  Import took 0.029258 seconds .

========================================================================
Received Import Request.
  Time since last request: 0.000233 seconds.
  path: Assets/Art/Player/WorkerJogDiagonalBackwardRight.fbx
  artifactKey: Guid(cc68e2e54e79007468c45d11130307da) Importer(815301076,1909f56bfc062723c751e8b465ee728b)
Start importing Assets/Art/Player/WorkerJogDiagonalBackwardRight.fbx using Guid(cc68e2e54e79007468c45d11130307da) Importer(815301076,1909f56bfc062723c751e8b465ee728b)  -> (artifact id: '89672a49c1729d41326be5ac316b30c9') in 0.008852 seconds 
  Import took 0.011393 seconds .

========================================================================
Received Import Request.
  Time since last request: 0.000250 seconds.
  path: Assets/Art/Player/WorkerJogDiagonalForwardRight.fbx
  artifactKey: Guid(e6864af6dd7cf1840825ebaec9dcc8c9) Importer(815301076,1909f56bfc062723c751e8b465ee728b)
Start importing Assets/Art/Player/WorkerJogDiagonalForwardRight.fbx using Guid(e6864af6dd7cf1840825ebaec9dcc8c9) Importer(815301076,1909f56bfc062723c751e8b465ee728b)  -> (artifact id: 'ed01ca42fac3ed51526242735b2b4c41') in 0.008281 seconds 
  Import took 0.010509 seconds .

========================================================================
Received Import Request.
  Time since last request: 0.000227 seconds.
  path: Assets/Art/Player/WorkerJogDiagonalFordwardLeft.fbx
  artifactKey: Guid(669aa7d338e3cb14c8770c8a77640b0d) Importer(815301076,1909f56bfc062723c751e8b465ee728b)
Start importing Assets/Art/Player/WorkerJogDiagonalFordwardLeft.fbx using Guid(669aa7d338e3cb14c8770c8a77640b0d) Importer(815301076,1909f56bfc062723c751e8b465ee728b)  -> (artifact id: '69159c7d99520387521c52d3a084ab60') in 0.008216 seconds 
  Import took 0.010480 seconds .

========================================================================
Received Import Request.
  Time since last request: 30.365560 seconds.
  path: Assets/Art/Player/WorkerJogDiagonalBackwardLeft.fbx
  artifactKey: Guid(f632e92a8c8669b4987e347b47a2c85f) Importer(815301076,1909f56bfc062723c751e8b465ee728b)
Start importing Assets/Art/Player/WorkerJogDiagonalBackwardLeft.fbx using Guid(f632e92a8c8669b4987e347b47a2c85f) Importer(815301076,1909f56bfc062723c751e8b465ee728b)  -> (artifact id: 'a3ab1b561afcdd162aef88ee70e16e89') in 0.005867 seconds 
  Import took 0.008604 seconds .

========================================================================
Received Import Request.
  Time since last request: 13.616208 seconds.
  path: Assets/Art/Player/WorkerJogDiagonalBackwardRight.fbx
  artifactKey: Guid(cc68e2e54e79007468c45d11130307da) Importer(815301076,1909f56bfc062723c751e8b465ee728b)
Start importing Assets/Art/Player/WorkerJogDiagonalBackwardRight.fbx using Guid(cc68e2e54e79007468c45d11130307da) Importer(815301076,1909f56bfc062723c751e8b465ee728b)  -> (artifact id: 'a0fe77672ecbb537dabe24a0a04aa2af') in 0.005652 seconds 
  Import took 0.008180 seconds .

========================================================================
Received Import Request.
  Time since last request: 16.396363 seconds.
  path: Assets/Art/Player/WorkerJogDiagonalFordwardLeft.fbx
  artifactKey: Guid(669aa7d338e3cb14c8770c8a77640b0d) Importer(815301076,1909f56bfc062723c751e8b465ee728b)
Start importing Assets/Art/Player/WorkerJogDiagonalFordwardLeft.fbx using Guid(669aa7d338e3cb14c8770c8a77640b0d) Importer(815301076,1909f56bfc062723c751e8b465ee728b)  -> (artifact id: '5bc68e6e2dcb1f3814f6834e0ca5833a') in 0.005497 seconds 
  Import took 0.008014 seconds .

========================================================================
Received Import Request.
  Time since last request: 21.559468 seconds.
  path: Assets/Art/Player/WorkerJogDiagonalForwardRight.fbx
  artifactKey: Guid(e6864af6dd7cf1840825ebaec9dcc8c9) Importer(815301076,1909f56bfc062723c751e8b465ee728b)
Start importing Assets/Art/Player/WorkerJogDiagonalForwardRight.fbx using Guid(e6864af6dd7cf1840825ebaec9dcc8c9) Importer(815301076,1909f56bfc062723c751e8b465ee728b)  -> (artifact id: '5c2b1fccf7892688338e673f651c9bb6') in 0.005667 seconds 
  Import took 0.008281 seconds .

========================================================================
Received Prepare
Registering precompiled user dll's ...
Registered in 0.002924 seconds.
Begin MonoManager ReloadAssembly
Native extension for WindowsStandalone target not found
Refreshing native plugins compatible for Editor in 0.31 ms, found 2 plugins.
Preloading 0 native plugins for Editor in 0.00 ms.
Mono: successfully reloaded assembly
- Completed reload, in  0.834 seconds
Domain Reload Profiling:
	ReloadAssembly (835ms)
		BeginReloadAssembly (93ms)
			ExecutionOrderSort (0ms)
			DisableScriptedObjects (4ms)
			BackupInstance (0ms)
			ReleaseScriptingObjects (0ms)
			CreateAndSetChildDomain (29ms)
		EndReloadAssembly (685ms)
			LoadAssemblies (78ms)
			RebuildTransferFunctionScriptingTraits (0ms)
			SetupTypeCache (243ms)
			ReleaseScriptCaches (1ms)
			RebuildScriptCaches (33ms)
			SetupLoadedEditorAssemblies (247ms)
				LogAssemblyErrors (0ms)
				InitializePlatformSupportModulesInManaged (4ms)
				SetLoadedEditorAssemblies (0ms)
				RefreshPlugins (0ms)
				BeforeProcessingInitializeOnLoad (62ms)
				ProcessInitializeOnLoadAttributes (166ms)
				ProcessInitializeOnLoadMethodAttributes (8ms)
				AfterProcessingInitializeOnLoad (5ms)
				EditorAssembliesLoaded (0ms)
			ExecutionOrderSort2 (0ms)
			AwakeInstancesAfterBackupRestoration (6ms)
Platform modules already initialized, skipping
Refreshing native plugins compatible for Editor in 0.31 ms, found 2 plugins.
Preloading 0 native plugins for Editor in 0.00 ms.
Unloading 1497 Unused Serialized files (Serialized files now loaded: 0)
System memory in use before: 84.8 MB.
System memory in use after: 84.9 MB.

Unloading 14 unused Assets to reduce memory usage. Loaded Objects now: 1993.
Total: 2.326800 ms (FindLiveObjects: 0.134900 ms CreateObjectMapping: 0.047300 ms MarkObjects: 2.131300 ms  DeleteObjects: 0.012800 ms)

AssetImportParameters requested are different than current active one (requested -> active):
  custom:framework-win-MediaFoundation: 216162199b28c13a410421893ffa2e32 -> 
  custom:video-decoder-ogg-theora: a1e56fd34408186e4bbccfd4996cb3dc -> 
  custom:container-muxer-webm: aa71ff27fc2769a1b78a27578f13a17b -> 
  custom:container-demuxer-webm: 4f35f7cbe854078d1ac9338744f61a02 -> 
  custom:container-demuxer-ogg: 62fdf1f143b41e24485cea50d1cbac27 -> 
  custom:video-encoder-webm-vp8: eb34c28f22e8b96e1ab97ce403110664 -> 
  custom:video-decoder-webm-vp8: 9c59270c3fd7afecdb556c50c9e8de78 -> 
  custom:audio-decoder-ogg-vorbis: bf7c407c2cedff20999df2af8eb42d56 -> 
  custom:audio-encoder-webm-vorbis: bf7c407c2cedff20999df2af8eb42d56 -> 
========================================================================
Received Import Request.
  Time since last request: 231.976869 seconds.
  path: Assets/Art/Player/WorkerAnimationController.controller
  artifactKey: Guid(a82052af7a0b6cc47be2fa28986aa3f8) Importer(815301076,1909f56bfc062723c751e8b465ee728b)
Start importing Assets/Art/Player/WorkerAnimationController.controller using Guid(a82052af7a0b6cc47be2fa28986aa3f8) Importer(815301076,1909f56bfc062723c751e8b465ee728b)  -> (artifact id: 'fb62351f27f764d3f6553a1fd309a9ad') in 0.020678 seconds 
  Import took 0.023372 seconds .

========================================================================
Received Prepare
Registering precompiled user dll's ...
Registered in 0.003337 seconds.
Begin MonoManager ReloadAssembly
Native extension for WindowsStandalone target not found
Refreshing native plugins compatible for Editor in 0.33 ms, found 2 plugins.
Preloading 0 native plugins for Editor in 0.00 ms.
Mono: successfully reloaded assembly
- Completed reload, in  0.815 seconds
Domain Reload Profiling:
	ReloadAssembly (815ms)
		BeginReloadAssembly (88ms)
			ExecutionOrderSort (0ms)
			DisableScriptedObjects (4ms)
			BackupInstance (0ms)
			ReleaseScriptingObjects (0ms)
			CreateAndSetChildDomain (27ms)
		EndReloadAssembly (675ms)
			LoadAssemblies (73ms)
			RebuildTransferFunctionScriptingTraits (0ms)
			SetupTypeCache (239ms)
			ReleaseScriptCaches (1ms)
			RebuildScriptCaches (33ms)
			SetupLoadedEditorAssemblies (246ms)
				LogAssemblyErrors (0ms)
				InitializePlatformSupportModulesInManaged (4ms)
				SetLoadedEditorAssemblies (0ms)
				RefreshPlugins (0ms)
				BeforeProcessingInitializeOnLoad (63ms)
				ProcessInitializeOnLoadAttributes (166ms)
				ProcessInitializeOnLoadMethodAttributes (8ms)
				AfterProcessingInitializeOnLoad (5ms)
				EditorAssembliesLoaded (0ms)
			ExecutionOrderSort2 (0ms)
			AwakeInstancesAfterBackupRestoration (6ms)
Platform modules already initialized, skipping
Refreshing native plugins compatible for Editor in 0.35 ms, found 2 plugins.
Preloading 0 native plugins for Editor in 0.00 ms.
Unloading 1497 Unused Serialized files (Serialized files now loaded: 0)
System memory in use before: 84.8 MB.
System memory in use after: 84.9 MB.

Unloading 14 unused Assets to reduce memory usage. Loaded Objects now: 1995.
Total: 2.475900 ms (FindLiveObjects: 0.132200 ms CreateObjectMapping: 0.039500 ms MarkObjects: 2.290500 ms  DeleteObjects: 0.012900 ms)

AssetImportParameters requested are different than current active one (requested -> active):
  custom:framework-win-MediaFoundation: 216162199b28c13a410421893ffa2e32 -> 
  custom:video-decoder-ogg-theora: a1e56fd34408186e4bbccfd4996cb3dc -> 
  custom:container-muxer-webm: aa71ff27fc2769a1b78a27578f13a17b -> 
  custom:container-demuxer-webm: 4f35f7cbe854078d1ac9338744f61a02 -> 
  custom:container-demuxer-ogg: 62fdf1f143b41e24485cea50d1cbac27 -> 
  custom:video-encoder-webm-vp8: eb34c28f22e8b96e1ab97ce403110664 -> 
  custom:video-decoder-webm-vp8: 9c59270c3fd7afecdb556c50c9e8de78 -> 
  custom:audio-decoder-ogg-vorbis: bf7c407c2cedff20999df2af8eb42d56 -> 
  custom:audio-encoder-webm-vorbis: bf7c407c2cedff20999df2af8eb42d56 -> 
AssetImportWorkerClient::OnTransportError - code=2 error=End of file
